<?xml version="1.0" encoding="UTF-8"?>
<!-- Generated by org.testng.reporters.JUnitReportReporter -->
<testsuite hostname="DESKTOP-MJNN93Q" failures="0" tests="1" name="ecommerce.Amazon" time="17.180" errors="0" timestamp="2023-07-26T20:32:05 IST" skipped="0">
  <testcase classname="ecommerce.Amazon" name="launchAmazon" time="17.180"/>
  <system-out/>
</testsuite> <!-- ecommerce.Amazon -->
